<?xml version="1.0" encoding="UTF-8"?>
<!-- Generated by org.testng.reporters.JUnitReportReporter -->
<testsuite hostname="人生如戏全靠演技" name="com.frenlan.testcase.ApiTestDemo" tests="1" failures="0" timestamp="17 Feb 2017 10:05:27 GMT" time="0.533" errors="0">
  <testcase name="testLogin" time="0.533" classname="com.frenlan.testcase.ApiTestDemo"/>
</testsuite> <!-- com.frenlan.testcase.ApiTestDemo -->
